<?xml version="1.0" encoding="UTF-8"?>
<!-- Generated by org.testng.reporters.JUnitReportReporter -->
<testsuite skipped="0" hostname="DESKTOP-JK389C0" name="com.crm.qa.testcases.ContactsPageTest" tests="1" failures="0" timestamp="05 May 2019 14:14:57 GMT" time="12.890" errors="0">
  <testcase name="verifyContactsPageLabel1" time="12.890" classname="com.crm.qa.testcases.ContactsPageTest"/>
</testsuite> <!-- com.crm.qa.testcases.ContactsPageTest -->
